<?xml version="1.0" encoding="UTF-8"?>
<!-- Generated by org.testng.reporters.JUnitXMLReporter -->
<testsuite hostname="WKWIN5822883" ignored="0" name="Default test" tests="6" failures="0" timestamp="06 Dec 2018 08:37:02 GMT" time="13.294" errors="0">
  <testcase name="DateCheck" time="0.094" classname="TestCases.TestCaseLogin"/>
  <testcase name="verifyFeaturedImage" time="0.061" classname="TestCases.TestCaseLogin"/>
  <testcase name="LoginSection" time="2.094" classname="TestCases.TestCaseLogin"/>
  <testcase name="checkIncorrectLogin1" time="1.775" classname="TestCases.TestCaseLogin"/>
  <testcase name="checkIncorrectLogin2" time="1.811" classname="TestCases.TestCaseLogin"/>
  <testcase name="checkCorrectLogin" time="4.563" classname="TestCases.TestCaseLogin"/>
</testsuite> <!-- Default test -->
