<?xml version="1.0" encoding="UTF-8"?>
<!-- Generated by org.testng.reporters.JUnitXMLReporter -->
<testsuite hostname="WKWIN5822883" ignored="0" name="Login Functionality" tests="6" failures="0" timestamp="06 Dec 2018 08:39:48 GMT" time="15.129" errors="0">
  <testcase name="DateCheck" time="0.099" classname="TestCases.TestCaseLogin"/>
  <testcase name="verifyFeaturedImage" time="0.048" classname="TestCases.TestCaseLogin"/>
  <testcase name="LoginSection" time="2.319" classname="TestCases.TestCaseLogin"/>
  <testcase name="checkIncorrectLogin1" time="1.768" classname="TestCases.TestCaseLogin"/>
  <testcase name="checkIncorrectLogin2" time="2.072" classname="TestCases.TestCaseLogin"/>
  <testcase name="checkCorrectLogin" time="5.381" classname="TestCases.TestCaseLogin"/>
</testsuite> <!-- Login Functionality -->
