<?xml version="1.0" encoding="UTF-8"?>
<!-- Generated by org.testng.reporters.JUnitXMLReporter -->
<testsuite hostname="WKWIN5822883" ignored="0" name="Qurate Flight Reservation Test" tests="10" failures="0" timestamp="06 Dec 2018 07:43:45 GMT" time="146.984" errors="0">
  <testcase name="DateCheck" time="0.068" classname="TestCases.TestCaseLogin"/>
  <testcase name="verifyFeaturedImage" time="0.05" classname="TestCases.TestCaseLogin"/>
  <testcase name="LoginSection" time="2.524" classname="TestCases.TestCaseLogin"/>
  <testcase name="checkIncorrectLogin1" time="1.79" classname="TestCases.TestCaseLogin"/>
  <testcase name="checkIncorrectLogin2" time="1.719" classname="TestCases.TestCaseLogin"/>
  <testcase name="checkCorrectLogin" time="13.167" classname="TestCases.TestCaseLogin"/>
  <testcase name="SearchFlight" time="35.709" classname="TestCases.TestCaseSearchFlight"/>
  <testcase name="checkSorting" time="37.269" classname="TestCases.TestCaseSelectFlight"/>
  <testcase name="selectFlight" time="1.743" classname="TestCases.TestCaseSelectFlight"/>
  <testcase name="BookFlights" time="39.729" classname="TestCases.TestCaseBookFlight"/>
</testsuite> <!-- Qurate Flight Reservation Test -->
