<?xml version="1.0" encoding="UTF-8"?>
<!-- Generated by org.testng.reporters.JUnitXMLReporter -->
<testsuite hostname="WKWIN5822883" ignored="0" name="Online Banking" tests="7" failures="0" timestamp="21 Nov 2018 17:04:27 GMT" time="64.377" errors="0">
  <testcase name="verifyLogo" time="0.105" classname="TestCases.TestCaseLogin"/>
  <testcase name="verifyTabs" time="0.148" classname="TestCases.TestCaseLogin"/>
  <testcase name="checkIncorrectLogin" time="1.604" classname="TestCases.TestCaseLogin"/>
  <testcase name="checkCorrectLogin" time="1.716" classname="TestCases.TestCaseLogin"/>
  <testcase name="verifyBankingDetails" time="3.058" classname="TestCases.TestCaseBankingHome"/>
  <testcase name="FundsTransfer" time="2.713" classname="TestCases.TestCaseTransferFunds"/>
  <testcase name="verifyAccountSummary" time="4.897" classname="TestCases.TestCaseAccountSummary"/>
</testsuite> <!-- Online Banking -->
